<?xml version="1.0" encoding="UTF-8"?>
<!-- Generated by org.testng.reporters.JUnitXMLReporter -->
<testsuite ignored="2" hostname="DESKTOP-9TLQGTF" failures="0" tests="6" name="SauceDemo Automation Tests" time="16.497" errors="0" timestamp="2026-01-21T13:10:40 GMT+05:00">
  <testcase classname="com.saucedemo.tests.LoginTests" name="testValidLogin" time="0.371"/>
  <testcase classname="com.saucedemo.tests.LoginTests" name="testInvalidLogin" time="0.249"/>
  <testcase classname="com.saucedemo.tests.LoginTests" name="testLockedOutUser" time="0.241"/>
  <testcase classname="com.saucedemo.tests.ShoppingCartTests" name="testAddProductsToCart" time="0.353"/>
  <testcase classname="com.saucedemo.tests.ShoppingCartTests" name="testViewCartItems" time="0.423"/>
  <testcase classname="com.saucedemo.tests.ShoppingCartTests" name="testProductSorting" time="0.301"/>
  <testcase classname="com.saucedemo.base.BaseTest" name="@AfterSuite tearDownSuite" time="0.0">
    <ignored/>
  </testcase> <!-- @AfterSuite tearDownSuite -->
  <testcase classname="com.saucedemo.base.BaseTest" name="@BeforeSuite setupSuite" time="0.0">
    <ignored/>
  </testcase> <!-- @BeforeSuite setupSuite -->
</testsuite> <!-- SauceDemo Automation Tests -->
