<?xml version="1.0" encoding="UTF-8"?>
<testng-results ignored="0" total="6" passed="6" failed="0" skipped="0">
  <reporter-output>
  </reporter-output>
  <suite started-at="2026-01-21T13:10:23 GMT+05:00" name="SauceDemo Test Suite" finished-at="2026-01-21T13:10:40 GMT+05:00" duration-ms="16497">
    <groups>
    </groups>
    <test started-at="2026-01-21T13:10:23 GMT+05:00" name="SauceDemo Automation Tests" finished-at="2026-01-21T13:10:40 GMT+05:00" duration-ms="16497">
      <class name="com.saucedemo.tests.LoginTests">
        <test-method is-config="true" signature="setupSuite()[pri:0, instance:com.saucedemo.tests.LoginTests@58670130]" started-at="2026-01-21T13:10:23 GMT+05:00" name="setupSuite" finished-at="2026-01-21T13:10:23 GMT+05:00" duration-ms="152" status="PASS">
          <reporter-output>
          </reporter-output>
        </test-method> <!-- setupSuite -->
        <test-method is-config="true" signature="setup(java.lang.reflect.Method)[pri:0, instance:com.saucedemo.tests.LoginTests@58670130]" started-at="2026-01-21T13:10:23 GMT+05:00" name="setup" finished-at="2026-01-21T13:10:26 GMT+05:00" duration-ms="3011" status="PASS">
          <params>
            <param index="0">
              <value>
                <![CDATA[public void com.saucedemo.tests.LoginTests.testValidLogin()]]>
              </value>
            </param>
          </params>
          <reporter-output>
          </reporter-output>
        </test-method> <!-- setup -->
        <test-method signature="testValidLogin()[pri:1, instance:com.saucedemo.tests.LoginTests@58670130]" started-at="2026-01-21T13:10:26 GMT+05:00" name="testValidLogin" description="Verify successful login with valid credentials" finished-at="2026-01-21T13:10:26 GMT+05:00" duration-ms="371" status="PASS">
          <reporter-output>
          </reporter-output>
        </test-method> <!-- testValidLogin -->
        <test-method is-config="true" signature="tearDown(org.testng.ITestResult)[pri:0, instance:com.saucedemo.tests.LoginTests@58670130]" started-at="2026-01-21T13:10:26 GMT+05:00" name="tearDown" finished-at="2026-01-21T13:10:27 GMT+05:00" duration-ms="502" status="PASS">
          <params>
            <param index="0">
              <value>
                <![CDATA[[TestResult name=testValidLogin status=SUCCESS method=LoginTests.testValidLogin()[pri:1, instance:com.saucedemo.tests.LoginTests@58670130] output={null}]]]>
              </value>
            </param>
          </params>
          <reporter-output>
          </reporter-output>
        </test-method> <!-- tearDown -->
        <test-method is-config="true" signature="setup(java.lang.reflect.Method)[pri:0, instance:com.saucedemo.tests.LoginTests@58670130]" started-at="2026-01-21T13:10:27 GMT+05:00" name="setup" finished-at="2026-01-21T13:10:29 GMT+05:00" duration-ms="2021" status="PASS">
          <params>
            <param index="0">
              <value>
                <![CDATA[public void com.saucedemo.tests.LoginTests.testInvalidLogin()]]>
              </value>
            </param>
          </params>
          <reporter-output>
          </reporter-output>
        </test-method> <!-- setup -->
        <test-method signature="testInvalidLogin()[pri:2, instance:com.saucedemo.tests.LoginTests@58670130]" started-at="2026-01-21T13:10:29 GMT+05:00" name="testInvalidLogin" description="Verify login fails with invalid credentials" finished-at="2026-01-21T13:10:29 GMT+05:00" duration-ms="249" status="PASS">
          <reporter-output>
          </reporter-output>
        </test-method> <!-- testInvalidLogin -->
        <test-method is-config="true" signature="tearDown(org.testng.ITestResult)[pri:0, instance:com.saucedemo.tests.LoginTests@58670130]" started-at="2026-01-21T13:10:29 GMT+05:00" name="tearDown" finished-at="2026-01-21T13:10:29 GMT+05:00" duration-ms="90" status="PASS">
          <params>
            <param index="0">
              <value>
                <![CDATA[[TestResult name=testInvalidLogin status=SUCCESS method=LoginTests.testInvalidLogin()[pri:2, instance:com.saucedemo.tests.LoginTests@58670130] output={null}]]]>
              </value>
            </param>
          </params>
          <reporter-output>
          </reporter-output>
        </test-method> <!-- tearDown -->
        <test-method is-config="true" signature="setup(java.lang.reflect.Method)[pri:0, instance:com.saucedemo.tests.LoginTests@58670130]" started-at="2026-01-21T13:10:29 GMT+05:00" name="setup" finished-at="2026-01-21T13:10:31 GMT+05:00" duration-ms="2047" status="PASS">
          <params>
            <param index="0">
              <value>
                <![CDATA[public void com.saucedemo.tests.LoginTests.testLockedOutUser()]]>
              </value>
            </param>
          </params>
          <reporter-output>
          </reporter-output>
        </test-method> <!-- setup -->
        <test-method signature="testLockedOutUser()[pri:3, instance:com.saucedemo.tests.LoginTests@58670130]" started-at="2026-01-21T13:10:31 GMT+05:00" name="testLockedOutUser" description="Verify login fails with locked out user" finished-at="2026-01-21T13:10:32 GMT+05:00" duration-ms="241" status="PASS">
          <reporter-output>
          </reporter-output>
        </test-method> <!-- testLockedOutUser -->
        <test-method is-config="true" signature="tearDown(org.testng.ITestResult)[pri:0, instance:com.saucedemo.tests.LoginTests@58670130]" started-at="2026-01-21T13:10:32 GMT+05:00" name="tearDown" finished-at="2026-01-21T13:10:32 GMT+05:00" duration-ms="65" status="PASS">
          <params>
            <param index="0">
              <value>
                <![CDATA[[TestResult name=testLockedOutUser status=SUCCESS method=LoginTests.testLockedOutUser()[pri:3, instance:com.saucedemo.tests.LoginTests@58670130] output={null}]]]>
              </value>
            </param>
          </params>
          <reporter-output>
          </reporter-output>
        </test-method> <!-- tearDown -->
        <test-method is-config="true" signature="tearDownSuite()[pri:0, instance:com.saucedemo.tests.LoginTests@58670130]" started-at="2026-01-21T13:10:40 GMT+05:00" name="tearDownSuite" finished-at="2026-01-21T13:10:40 GMT+05:00" duration-ms="214" status="PASS">
          <reporter-output>
          </reporter-output>
        </test-method> <!-- tearDownSuite -->
      </class> <!-- com.saucedemo.tests.LoginTests -->
      <class name="com.saucedemo.tests.ShoppingCartTests">
        <test-method is-config="true" signature="setup(java.lang.reflect.Method)[pri:0, instance:com.saucedemo.tests.ShoppingCartTests@f6c03cb]" started-at="2026-01-21T13:10:32 GMT+05:00" name="setup" finished-at="2026-01-21T13:10:34 GMT+05:00" duration-ms="1982" status="PASS">
          <params>
            <param index="0">
              <value>
                <![CDATA[public void com.saucedemo.tests.ShoppingCartTests.testAddProductsToCart()]]>
              </value>
            </param>
          </params>
          <reporter-output>
          </reporter-output>
        </test-method> <!-- setup -->
        <test-method signature="testAddProductsToCart()[pri:1, instance:com.saucedemo.tests.ShoppingCartTests@f6c03cb]" started-at="2026-01-21T13:10:34 GMT+05:00" name="testAddProductsToCart" description="Verify adding products to shopping cart" finished-at="2026-01-21T13:10:34 GMT+05:00" duration-ms="353" status="PASS">
          <reporter-output>
          </reporter-output>
        </test-method> <!-- testAddProductsToCart -->
        <test-method is-config="true" signature="tearDown(org.testng.ITestResult)[pri:0, instance:com.saucedemo.tests.ShoppingCartTests@f6c03cb]" started-at="2026-01-21T13:10:34 GMT+05:00" name="tearDown" finished-at="2026-01-21T13:10:34 GMT+05:00" duration-ms="482" status="PASS">
          <params>
            <param index="0">
              <value>
                <![CDATA[[TestResult name=testAddProductsToCart status=SUCCESS method=ShoppingCartTests.testAddProductsToCart()[pri:1, instance:com.saucedemo.tests.ShoppingCartTests@f6c03cb] output={null}]]]>
              </value>
            </param>
          </params>
          <reporter-output>
          </reporter-output>
        </test-method> <!-- tearDown -->
        <test-method is-config="true" signature="setup(java.lang.reflect.Method)[pri:0, instance:com.saucedemo.tests.ShoppingCartTests@f6c03cb]" started-at="2026-01-21T13:10:34 GMT+05:00" name="setup" finished-at="2026-01-21T13:10:36 GMT+05:00" duration-ms="1954" status="PASS">
          <params>
            <param index="0">
              <value>
                <![CDATA[public void com.saucedemo.tests.ShoppingCartTests.testViewCartItems()]]>
              </value>
            </param>
          </params>
          <reporter-output>
          </reporter-output>
        </test-method> <!-- setup -->
        <test-method signature="testViewCartItems()[pri:2, instance:com.saucedemo.tests.ShoppingCartTests@f6c03cb]" started-at="2026-01-21T13:10:36 GMT+05:00" name="testViewCartItems" description="Verify cart page displays added products" finished-at="2026-01-21T13:10:37 GMT+05:00" duration-ms="423" status="PASS">
          <reporter-output>
          </reporter-output>
        </test-method> <!-- testViewCartItems -->
        <test-method is-config="true" signature="tearDown(org.testng.ITestResult)[pri:0, instance:com.saucedemo.tests.ShoppingCartTests@f6c03cb]" started-at="2026-01-21T13:10:37 GMT+05:00" name="tearDown" finished-at="2026-01-21T13:10:37 GMT+05:00" duration-ms="274" status="PASS">
          <params>
            <param index="0">
              <value>
                <![CDATA[[TestResult name=testViewCartItems status=SUCCESS method=ShoppingCartTests.testViewCartItems()[pri:2, instance:com.saucedemo.tests.ShoppingCartTests@f6c03cb] output={null}]]]>
              </value>
            </param>
          </params>
          <reporter-output>
          </reporter-output>
        </test-method> <!-- tearDown -->
        <test-method is-config="true" signature="setup(java.lang.reflect.Method)[pri:0, instance:com.saucedemo.tests.ShoppingCartTests@f6c03cb]" started-at="2026-01-21T13:10:37 GMT+05:00" name="setup" finished-at="2026-01-21T13:10:39 GMT+05:00" duration-ms="1980" status="PASS">
          <params>
            <param index="0">
              <value>
                <![CDATA[public void com.saucedemo.tests.ShoppingCartTests.testProductSorting()]]>
              </value>
            </param>
          </params>
          <reporter-output>
          </reporter-output>
        </test-method> <!-- setup -->
        <test-method signature="testProductSorting()[pri:3, instance:com.saucedemo.tests.ShoppingCartTests@f6c03cb]" started-at="2026-01-21T13:10:39 GMT+05:00" name="testProductSorting" description="Verify product sorting functionality" finished-at="2026-01-21T13:10:39 GMT+05:00" duration-ms="301" status="PASS">
          <reporter-output>
          </reporter-output>
        </test-method> <!-- testProductSorting -->
        <test-method is-config="true" signature="tearDown(org.testng.ITestResult)[pri:0, instance:com.saucedemo.tests.ShoppingCartTests@f6c03cb]" started-at="2026-01-21T13:10:39 GMT+05:00" name="tearDown" finished-at="2026-01-21T13:10:40 GMT+05:00" duration-ms="121" status="PASS">
          <params>
            <param index="0">
              <value>
                <![CDATA[[TestResult name=testProductSorting status=SUCCESS method=ShoppingCartTests.testProductSorting()[pri:3, instance:com.saucedemo.tests.ShoppingCartTests@f6c03cb] output={null}]]]>
              </value>
            </param>
          </params>
          <reporter-output>
          </reporter-output>
        </test-method> <!-- tearDown -->
      </class> <!-- com.saucedemo.tests.ShoppingCartTests -->
    </test> <!-- SauceDemo Automation Tests -->
  </suite> <!-- SauceDemo Test Suite -->
</testng-results>
