<?xml version="1.0" encoding="UTF-8"?>
<testsuite xmlns:xsi="http://www.w3.org/2001/XMLSchema-instance" xsi:noNamespaceSchemaLocation="https://maven.apache.org/surefire/maven-surefire-plugin/xsd/surefire-test-report-3.0.xsd" version="3.0" name="TestSuite" time="17.796" tests="6" errors="0" skipped="0" failures="0">
  <properties>
[...]
</properties>
  <testcase name="testValidLogin" classname="com.saucedemo.tests.LoginTests" time="0.374">
    <system-out><![CDATA[2026-01-21 13:10:23 [main] INFO  com.saucedemo.base.BaseTest - === Starting Test Suite Execution ===
2026-01-21 13:10:23 [main] INFO  com.saucedemo.base.BaseTest - Initializing Extent Reports
2026-01-21 13:10:23 [main] INFO  com.saucedemo.base.BaseTest - Extent Reports initialized successfully
2026-01-21 13:10:23 [main] INFO  com.saucedemo.base.BaseTest - ========================================
2026-01-21 13:10:23 [main] INFO  com.saucedemo.base.BaseTest - Starting Test: testValidLogin
2026-01-21 13:10:23 [main] INFO  com.saucedemo.base.BaseTest - ========================================
2026-01-21 13:10:23 [main] INFO  com.saucedemo.base.BaseTest - Setting up ChromeDriver
2026-01-21 13:10:24 [main] INFO  com.saucedemo.base.BaseTest - WebDriver initialized successfully
2026-01-21 13:10:24 [main] INFO  com.saucedemo.base.BaseTest - Navigating to SauceDemo: https://www.saucedemo.com
2026-01-21 13:10:26 [main] INFO  com.saucedemo.base.BaseTest - Page loaded successfully
2026-01-21 13:10:26 [main] INFO  com.saucedemo.base.BaseTest - STEP: Test Case: Valid Login
2026-01-21 13:10:26 [main] INFO  com.saucedemo.base.BaseTest - STEP: Step 1: Initialize Login Page
2026-01-21 13:10:26 [main] INFO  com.saucedemo.base.BaseTest - STEP: Step 2: Enter valid username 'standard_user'
2026-01-21 13:10:26 [main] INFO  com.saucedemo.pages.LoginPage - Entering username: standard_user
2026-01-21 13:10:26 [main] INFO  com.saucedemo.base.BaseTest - STEP: Step 3: Enter valid password 'secret_sauce'
2026-01-21 13:10:26 [main] INFO  com.saucedemo.pages.LoginPage - Entering password
2026-01-21 13:10:26 [main] INFO  com.saucedemo.base.BaseTest - STEP: Step 4: Click Login button
2026-01-21 13:10:26 [main] INFO  com.saucedemo.pages.LoginPage - Clicking login button
2026-01-21 13:10:26 [main] INFO  com.saucedemo.base.BaseTest - STEP: Step 5: Verify successful navigation to Products page
2026-01-21 13:10:26 [main] INFO  com.saucedemo.pages.ProductsPage - Products page loaded: true
2026-01-21 13:10:26 [main] INFO  com.saucedemo.base.BaseTest - Expected Result: User should be redirected to Products page
2026-01-21 13:10:26 [main] INFO  com.saucedemo.base.BaseTest - Actual Result: Products page loaded = true
2026-01-21 13:10:26 [main] INFO  com.saucedemo.base.BaseTest - STEP: Test Passed: User successfully logged in
]]></system-out>
    <system-err><![CDATA[SLF4J: Failed to load class "org.slf4j.impl.StaticLoggerBinder".
SLF4J: Defaulting to no-operation (NOP) logger implementation
SLF4J: See http://www.slf4j.org/codes.html#StaticLoggerBinder for further details.
?а?. 21, 2026 1:10:24 PM org.openqa.selenium.devtools.CdpVersionFinder findNearestMatch
WARNING: Unable to find CDP implementation matching 143
?а?. 21, 2026 1:10:24 PM org.openqa.selenium.chromium.ChromiumDriver lambda$new$5
WARNING: Unable to find version of CDP to use for 143.0.7499.193. You may need to include a dependency on a specific version of the CDP using something similar to `org.seleniumhq.selenium:selenium-devtools-v86:4.16.1` where the version ("v86") matches the version of the chromium-based browser you're using and the version number of the artifact is the same as Selenium's.
]]></system-err>
  </testcase>
  <testcase name="testInvalidLogin" classname="com.saucedemo.tests.LoginTests" time="0.25">
    <system-out><![CDATA[2026-01-21 13:10:26 [main] INFO  com.saucedemo.base.BaseTest - Starting teardown process
2026-01-21 13:10:26 [main] INFO  com.saucedemo.base.BaseTest - Test PASSED: testValidLogin
2026-01-21 13:10:26 [main] INFO  com.saucedemo.base.BaseTest - Closing browser
2026-01-21 13:10:27 [main] INFO  com.saucedemo.base.BaseTest - Browser closed successfully
2026-01-21 13:10:27 [main] INFO  com.saucedemo.base.BaseTest - ========================================
2026-01-21 13:10:27 [main] INFO  com.saucedemo.base.BaseTest - Test Completed: testValidLogin
2026-01-21 13:10:27 [main] INFO  com.saucedemo.base.BaseTest - ========================================

2026-01-21 13:10:27 [main] INFO  com.saucedemo.base.BaseTest - ========================================
2026-01-21 13:10:27 [main] INFO  com.saucedemo.base.BaseTest - Starting Test: testInvalidLogin
2026-01-21 13:10:27 [main] INFO  com.saucedemo.base.BaseTest - ========================================
2026-01-21 13:10:27 [main] INFO  com.saucedemo.base.BaseTest - Setting up ChromeDriver
2026-01-21 13:10:28 [main] INFO  com.saucedemo.base.BaseTest - WebDriver initialized successfully
2026-01-21 13:10:28 [main] INFO  com.saucedemo.base.BaseTest - Navigating to SauceDemo: https://www.saucedemo.com
2026-01-21 13:10:29 [main] INFO  com.saucedemo.base.BaseTest - Page loaded successfully
2026-01-21 13:10:29 [main] INFO  com.saucedemo.base.BaseTest - STEP: Test Case: Invalid Login
2026-01-21 13:10:29 [main] INFO  com.saucedemo.base.BaseTest - STEP: Step 1: Initialize Login Page
2026-01-21 13:10:29 [main] INFO  com.saucedemo.base.BaseTest - STEP: Step 2: Enter invalid username 'invalid_user'
2026-01-21 13:10:29 [main] INFO  com.saucedemo.pages.LoginPage - Entering username: invalid_user
2026-01-21 13:10:29 [main] INFO  com.saucedemo.base.BaseTest - STEP: Step 3: Enter invalid password 'wrong_password'
2026-01-21 13:10:29 [main] INFO  com.saucedemo.pages.LoginPage - Entering password
2026-01-21 13:10:29 [main] INFO  com.saucedemo.base.BaseTest - STEP: Step 4: Click Login button
2026-01-21 13:10:29 [main] INFO  com.saucedemo.pages.LoginPage - Clicking login button
2026-01-21 13:10:29 [main] INFO  com.saucedemo.base.BaseTest - STEP: Step 5: Verify error message is displayed
2026-01-21 13:10:29 [main] INFO  com.saucedemo.pages.LoginPage - Error message displayed: Epic sadface: Username and password do not match any user in this service
2026-01-21 13:10:29 [main] INFO  com.saucedemo.base.BaseTest - Expected Result: Error message should be displayed
2026-01-21 13:10:29 [main] INFO  com.saucedemo.base.BaseTest - Actual Result: Error displayed = true
2026-01-21 13:10:29 [main] INFO  com.saucedemo.base.BaseTest - Error Message: Epic sadface: Username and password do not match any user in this service
2026-01-21 13:10:29 [main] INFO  com.saucedemo.base.BaseTest - STEP: Test Passed: Invalid login properly rejected with error message
]]></system-out>
    <system-err><![CDATA[?а?. 21, 2026 1:10:28 PM org.openqa.selenium.devtools.CdpVersionFinder findNearestMatch
WARNING: Unable to find CDP implementation matching 143
?а?. 21, 2026 1:10:28 PM org.openqa.selenium.chromium.ChromiumDriver lambda$new$5
WARNING: Unable to find version of CDP to use for 143.0.7499.193. You may need to include a dependency on a specific version of the CDP using something similar to `org.seleniumhq.selenium:selenium-devtools-v86:4.16.1` where the version ("v86") matches the version of the chromium-based browser you're using and the version number of the artifact is the same as Selenium's.
]]></system-err>
  </testcase>
  <testcase name="testLockedOutUser" classname="com.saucedemo.tests.LoginTests" time="0.242">
    <system-out><![CDATA[2026-01-21 13:10:29 [main] INFO  com.saucedemo.base.BaseTest - Starting teardown process
2026-01-21 13:10:29 [main] INFO  com.saucedemo.base.BaseTest - Test PASSED: testInvalidLogin
2026-01-21 13:10:29 [main] INFO  com.saucedemo.base.BaseTest - Closing browser
2026-01-21 13:10:29 [main] INFO  com.saucedemo.base.BaseTest - Browser closed successfully
2026-01-21 13:10:29 [main] INFO  com.saucedemo.base.BaseTest - ========================================
2026-01-21 13:10:29 [main] INFO  com.saucedemo.base.BaseTest - Test Completed: testInvalidLogin
2026-01-21 13:10:29 [main] INFO  com.saucedemo.base.BaseTest - ========================================

2026-01-21 13:10:29 [main] INFO  com.saucedemo.base.BaseTest - ========================================
2026-01-21 13:10:29 [main] INFO  com.saucedemo.base.BaseTest - Starting Test: testLockedOutUser
2026-01-21 13:10:29 [main] INFO  com.saucedemo.base.BaseTest - ========================================
2026-01-21 13:10:29 [main] INFO  com.saucedemo.base.BaseTest - Setting up ChromeDriver
2026-01-21 13:10:30 [main] INFO  com.saucedemo.base.BaseTest - WebDriver initialized successfully
2026-01-21 13:10:30 [main] INFO  com.saucedemo.base.BaseTest - Navigating to SauceDemo: https://www.saucedemo.com
2026-01-21 13:10:31 [main] INFO  com.saucedemo.base.BaseTest - Page loaded successfully
2026-01-21 13:10:31 [main] INFO  com.saucedemo.base.BaseTest - STEP: Test Case: Locked Out User Login
2026-01-21 13:10:31 [main] INFO  com.saucedemo.base.BaseTest - STEP: Step 1: Initialize Login Page
2026-01-21 13:10:31 [main] INFO  com.saucedemo.base.BaseTest - STEP: Step 2: Enter locked out username 'locked_out_user'
2026-01-21 13:10:31 [main] INFO  com.saucedemo.pages.LoginPage - Entering username: locked_out_user
2026-01-21 13:10:31 [main] INFO  com.saucedemo.base.BaseTest - STEP: Step 3: Enter valid password 'secret_sauce'
2026-01-21 13:10:31 [main] INFO  com.saucedemo.pages.LoginPage - Entering password
2026-01-21 13:10:32 [main] INFO  com.saucedemo.base.BaseTest - STEP: Step 4: Click Login button
2026-01-21 13:10:32 [main] INFO  com.saucedemo.pages.LoginPage - Clicking login button
2026-01-21 13:10:32 [main] INFO  com.saucedemo.base.BaseTest - STEP: Step 5: Verify locked out error message is displayed
2026-01-21 13:10:32 [main] INFO  com.saucedemo.pages.LoginPage - Error message displayed: Epic sadface: Sorry, this user has been locked out.
2026-01-21 13:10:32 [main] INFO  com.saucedemo.base.BaseTest - Expected Result: Locked out error message should be displayed
2026-01-21 13:10:32 [main] INFO  com.saucedemo.base.BaseTest - Actual Result: Error displayed = true
2026-01-21 13:10:32 [main] INFO  com.saucedemo.base.BaseTest - Error Message: Epic sadface: Sorry, this user has been locked out.
2026-01-21 13:10:32 [main] INFO  com.saucedemo.base.BaseTest - STEP: Test Passed: Locked out user properly prevented from logging in
]]></system-out>
    <system-err><![CDATA[?а?. 21, 2026 1:10:30 PM org.openqa.selenium.devtools.CdpVersionFinder findNearestMatch
WARNING: Unable to find CDP implementation matching 143
?а?. 21, 2026 1:10:30 PM org.openqa.selenium.chromium.ChromiumDriver lambda$new$5
WARNING: Unable to find version of CDP to use for 143.0.7499.193. You may need to include a dependency on a specific version of the CDP using something similar to `org.seleniumhq.selenium:selenium-devtools-v86:4.16.1` where the version ("v86") matches the version of the chromium-based browser you're using and the version number of the artifact is the same as Selenium's.
]]></system-err>
  </testcase>
  <testcase name="testAddProductsToCart" classname="com.saucedemo.tests.ShoppingCartTests" time="0.353">
    <system-out><![CDATA[2026-01-21 13:10:32 [main] INFO  com.saucedemo.base.BaseTest - Starting teardown process
2026-01-21 13:10:32 [main] INFO  com.saucedemo.base.BaseTest - Test PASSED: testLockedOutUser
2026-01-21 13:10:32 [main] INFO  com.saucedemo.base.BaseTest - Closing browser
2026-01-21 13:10:32 [main] INFO  com.saucedemo.base.BaseTest - Browser closed successfully
2026-01-21 13:10:32 [main] INFO  com.saucedemo.base.BaseTest - ========================================
2026-01-21 13:10:32 [main] INFO  com.saucedemo.base.BaseTest - Test Completed: testLockedOutUser
2026-01-21 13:10:32 [main] INFO  com.saucedemo.base.BaseTest - ========================================

2026-01-21 13:10:32 [main] INFO  com.saucedemo.base.BaseTest - ========================================
2026-01-21 13:10:32 [main] INFO  com.saucedemo.base.BaseTest - Starting Test: testAddProductsToCart
2026-01-21 13:10:32 [main] INFO  com.saucedemo.base.BaseTest - ========================================
2026-01-21 13:10:32 [main] INFO  com.saucedemo.base.BaseTest - Setting up ChromeDriver
2026-01-21 13:10:33 [main] INFO  com.saucedemo.base.BaseTest - WebDriver initialized successfully
2026-01-21 13:10:33 [main] INFO  com.saucedemo.base.BaseTest - Navigating to SauceDemo: https://www.saucedemo.com
2026-01-21 13:10:34 [main] INFO  com.saucedemo.base.BaseTest - Page loaded successfully
2026-01-21 13:10:34 [main] INFO  com.saucedemo.base.BaseTest - STEP: Test Case: Add Products to Shopping Cart
2026-01-21 13:10:34 [main] INFO  com.saucedemo.base.BaseTest - STEP: Step 1: Login with valid credentials
2026-01-21 13:10:34 [main] INFO  com.saucedemo.pages.LoginPage - Performing login with username: standard_user
2026-01-21 13:10:34 [main] INFO  com.saucedemo.pages.LoginPage - Entering username: standard_user
2026-01-21 13:10:34 [main] INFO  com.saucedemo.pages.LoginPage - Entering password
2026-01-21 13:10:34 [main] INFO  com.saucedemo.pages.LoginPage - Clicking login button
2026-01-21 13:10:34 [main] INFO  com.saucedemo.base.BaseTest - STEP: Step 2: Verify Products page is loaded
2026-01-21 13:10:34 [main] INFO  com.saucedemo.pages.ProductsPage - Products page loaded: true
2026-01-21 13:10:34 [main] INFO  com.saucedemo.base.BaseTest - STEP: Step 3: Add Sauce Labs Backpack to cart
2026-01-21 13:10:34 [main] INFO  com.saucedemo.pages.ProductsPage - Adding Sauce Labs Backpack to cart
2026-01-21 13:10:34 [main] INFO  com.saucedemo.base.BaseTest - STEP: Step 4: Add Sauce Labs Bike Light to cart
2026-01-21 13:10:34 [main] INFO  com.saucedemo.pages.ProductsPage - Adding Sauce Labs Bike Light to cart
2026-01-21 13:10:34 [main] INFO  com.saucedemo.base.BaseTest - STEP: Step 5: Verify cart badge shows correct count
2026-01-21 13:10:34 [main] INFO  com.saucedemo.pages.ProductsPage - Cart badge count: 2
2026-01-21 13:10:34 [main] INFO  com.saucedemo.base.BaseTest - Expected Result: Cart badge should show '2'
2026-01-21 13:10:34 [main] INFO  com.saucedemo.base.BaseTest - Actual Result: Cart badge shows '2'
2026-01-21 13:10:34 [main] INFO  com.saucedemo.base.BaseTest - STEP: Test Passed: Products successfully added to cart
]]></system-out>
    <system-err><![CDATA[?а?. 21, 2026 1:10:32 PM org.openqa.selenium.devtools.CdpVersionFinder findNearestMatch
WARNING: Unable to find CDP implementation matching 143
?а?. 21, 2026 1:10:32 PM org.openqa.selenium.chromium.ChromiumDriver lambda$new$5
WARNING: Unable to find version of CDP to use for 143.0.7499.193. You may need to include a dependency on a specific version of the CDP using something similar to `org.seleniumhq.selenium:selenium-devtools-v86:4.16.1` where the version ("v86") matches the version of the chromium-based browser you're using and the version number of the artifact is the same as Selenium's.
]]></system-err>
  </testcase>
  <testcase name="testViewCartItems" classname="com.saucedemo.tests.ShoppingCartTests" time="0.425">
    <system-out><![CDATA[2026-01-21 13:10:34 [main] INFO  com.saucedemo.base.BaseTest - Starting teardown process
2026-01-21 13:10:34 [main] INFO  com.saucedemo.base.BaseTest - Test PASSED: testAddProductsToCart
2026-01-21 13:10:34 [main] INFO  com.saucedemo.base.BaseTest - Closing browser
2026-01-21 13:10:34 [main] INFO  com.saucedemo.base.BaseTest - Browser closed successfully
2026-01-21 13:10:34 [main] INFO  com.saucedemo.base.BaseTest - ========================================
2026-01-21 13:10:34 [main] INFO  com.saucedemo.base.BaseTest - Test Completed: testAddProductsToCart
2026-01-21 13:10:34 [main] INFO  com.saucedemo.base.BaseTest - ========================================

2026-01-21 13:10:34 [main] INFO  com.saucedemo.base.BaseTest - ========================================
2026-01-21 13:10:34 [main] INFO  com.saucedemo.base.BaseTest - Starting Test: testViewCartItems
2026-01-21 13:10:34 [main] INFO  com.saucedemo.base.BaseTest - ========================================
2026-01-21 13:10:34 [main] INFO  com.saucedemo.base.BaseTest - Setting up ChromeDriver
2026-01-21 13:10:35 [main] INFO  com.saucedemo.base.BaseTest - WebDriver initialized successfully
2026-01-21 13:10:35 [main] INFO  com.saucedemo.base.BaseTest - Navigating to SauceDemo: https://www.saucedemo.com
2026-01-21 13:10:36 [main] INFO  com.saucedemo.base.BaseTest - Page loaded successfully
2026-01-21 13:10:36 [main] INFO  com.saucedemo.base.BaseTest - STEP: Test Case: View Cart Items
2026-01-21 13:10:36 [main] INFO  com.saucedemo.base.BaseTest - STEP: Step 1: Login with valid credentials
2026-01-21 13:10:36 [main] INFO  com.saucedemo.pages.LoginPage - Performing login with username: standard_user
2026-01-21 13:10:36 [main] INFO  com.saucedemo.pages.LoginPage - Entering username: standard_user
2026-01-21 13:10:37 [main] INFO  com.saucedemo.pages.LoginPage - Entering password
2026-01-21 13:10:37 [main] INFO  com.saucedemo.pages.LoginPage - Clicking login button
2026-01-21 13:10:37 [main] INFO  com.saucedemo.base.BaseTest - STEP: Step 2: Add products to cart
2026-01-21 13:10:37 [main] INFO  com.saucedemo.pages.ProductsPage - Adding Sauce Labs Backpack to cart
2026-01-21 13:10:37 [main] INFO  com.saucedemo.pages.ProductsPage - Adding Sauce Labs Bike Light to cart
2026-01-21 13:10:37 [main] INFO  com.saucedemo.base.BaseTest - STEP: Step 3: Navigate to shopping cart
2026-01-21 13:10:37 [main] INFO  com.saucedemo.pages.ProductsPage - Clicking shopping cart
2026-01-21 13:10:37 [main] INFO  com.saucedemo.base.BaseTest - STEP: Step 4: Verify cart page is loaded
2026-01-21 13:10:37 [main] INFO  com.saucedemo.pages.CartPage - Cart page loaded: true
2026-01-21 13:10:37 [main] INFO  com.saucedemo.base.BaseTest - STEP: Step 5: Verify cart contains 2 items
2026-01-21 13:10:37 [main] INFO  com.saucedemo.pages.CartPage - Number of items in cart: 2
2026-01-21 13:10:37 [main] INFO  com.saucedemo.base.BaseTest - Expected Result: Cart should contain 2 items
2026-01-21 13:10:37 [main] INFO  com.saucedemo.base.BaseTest - Actual Result: Cart contains 2 items
2026-01-21 13:10:37 [main] INFO  com.saucedemo.base.BaseTest - STEP: Test Passed: Cart displays correct number of items
]]></system-out>
    <system-err><![CDATA[?а?. 21, 2026 1:10:35 PM org.openqa.selenium.devtools.CdpVersionFinder findNearestMatch
WARNING: Unable to find CDP implementation matching 143
?а?. 21, 2026 1:10:35 PM org.openqa.selenium.chromium.ChromiumDriver lambda$new$5
WARNING: Unable to find version of CDP to use for 143.0.7499.193. You may need to include a dependency on a specific version of the CDP using something similar to `org.seleniumhq.selenium:selenium-devtools-v86:4.16.1` where the version ("v86") matches the version of the chromium-based browser you're using and the version number of the artifact is the same as Selenium's.
]]></system-err>
  </testcase>
  <testcase name="testProductSorting" classname="com.saucedemo.tests.ShoppingCartTests" time="0.302">
    <system-out><![CDATA[2026-01-21 13:10:37 [main] INFO  com.saucedemo.base.BaseTest - Starting teardown process
2026-01-21 13:10:37 [main] INFO  com.saucedemo.base.BaseTest - Test PASSED: testViewCartItems
2026-01-21 13:10:37 [main] INFO  com.saucedemo.base.BaseTest - Closing browser
2026-01-21 13:10:37 [main] INFO  com.saucedemo.base.BaseTest - Browser closed successfully
2026-01-21 13:10:37 [main] INFO  com.saucedemo.base.BaseTest - ========================================
2026-01-21 13:10:37 [main] INFO  com.saucedemo.base.BaseTest - Test Completed: testViewCartItems
2026-01-21 13:10:37 [main] INFO  com.saucedemo.base.BaseTest - ========================================

2026-01-21 13:10:37 [main] INFO  com.saucedemo.base.BaseTest - ========================================
2026-01-21 13:10:37 [main] INFO  com.saucedemo.base.BaseTest - Starting Test: testProductSorting
2026-01-21 13:10:37 [main] INFO  com.saucedemo.base.BaseTest - ========================================
2026-01-21 13:10:37 [main] INFO  com.saucedemo.base.BaseTest - Setting up ChromeDriver
2026-01-21 13:10:38 [main] INFO  com.saucedemo.base.BaseTest - WebDriver initialized successfully
2026-01-21 13:10:38 [main] INFO  com.saucedemo.base.BaseTest - Navigating to SauceDemo: https://www.saucedemo.com
2026-01-21 13:10:39 [main] INFO  com.saucedemo.base.BaseTest - Page loaded successfully
2026-01-21 13:10:39 [main] INFO  com.saucedemo.base.BaseTest - STEP: Test Case: Product Sorting
2026-01-21 13:10:39 [main] INFO  com.saucedemo.base.BaseTest - STEP: Step 1: Login with valid credentials
2026-01-21 13:10:39 [main] INFO  com.saucedemo.pages.LoginPage - Performing login with username: standard_user
2026-01-21 13:10:39 [main] INFO  com.saucedemo.pages.LoginPage - Entering username: standard_user
2026-01-21 13:10:39 [main] INFO  com.saucedemo.pages.LoginPage - Entering password
2026-01-21 13:10:39 [main] INFO  com.saucedemo.pages.LoginPage - Clicking login button
2026-01-21 13:10:39 [main] INFO  com.saucedemo.base.BaseTest - STEP: Step 2: Verify Products page is loaded
2026-01-21 13:10:39 [main] INFO  com.saucedemo.pages.ProductsPage - Products page loaded: true
2026-01-21 13:10:39 [main] INFO  com.saucedemo.base.BaseTest - STEP: Step 3: Verify default product count
2026-01-21 13:10:39 [main] INFO  com.saucedemo.pages.ProductsPage - Number of products displayed: 6
2026-01-21 13:10:39 [main] INFO  com.saucedemo.base.BaseTest - Expected Result: Should display 6 products
2026-01-21 13:10:39 [main] INFO  com.saucedemo.base.BaseTest - Actual Result: Displaying 6 products
2026-01-21 13:10:39 [main] INFO  com.saucedemo.base.BaseTest - STEP: Step 4: Sort products by Price (low to high)
2026-01-21 13:10:39 [main] INFO  com.saucedemo.pages.ProductsPage - Sorting products by: Price (low to high)
2026-01-21 13:10:39 [main] INFO  com.saucedemo.base.BaseTest - STEP: Step 5: Verify products are still displayed after sorting
2026-01-21 13:10:39 [main] INFO  com.saucedemo.pages.ProductsPage - Number of products displayed: 6
2026-01-21 13:10:39 [main] INFO  com.saucedemo.base.BaseTest - Expected Result: Should still display 6 products after sorting
2026-01-21 13:10:39 [main] INFO  com.saucedemo.base.BaseTest - Actual Result: Displaying 6 products
2026-01-21 13:10:39 [main] INFO  com.saucedemo.base.BaseTest - STEP: Test Passed: Product sorting works correctly
]]></system-out>
    <system-err><![CDATA[?а?. 21, 2026 1:10:38 PM org.openqa.selenium.devtools.CdpVersionFinder findNearestMatch
WARNING: Unable to find CDP implementation matching 143
?а?. 21, 2026 1:10:38 PM org.openqa.selenium.chromium.ChromiumDriver lambda$new$5
WARNING: Unable to find version of CDP to use for 143.0.7499.193. You may need to include a dependency on a specific version of the CDP using something similar to `org.seleniumhq.selenium:selenium-devtools-v86:4.16.1` where the version ("v86") matches the version of the chromium-based browser you're using and the version number of the artifact is the same as Selenium's.
]]></system-err>
  </testcase>
</testsuite>