<?xml version="1.0" encoding="UTF-8"?>
<!-- Generated by org.testng.reporters.JUnitReportReporter -->
<testsuite hostname="DESKTOP-9TLQGTF" failures="0" tests="3" name="com.saucedemo.tests.LoginTests" time="8.597" errors="0" timestamp="2026-01-21T13:10:40 GMT+05:00" skipped="0">
  <testcase classname="com.saucedemo.tests.LoginTests" name="testValidLogin" time="2.457"/>
  <testcase classname="com.saucedemo.tests.LoginTests" name="testInvalidLogin" time="2.386"/>
  <testcase classname="com.saucedemo.tests.LoginTests" name="testLockedOutUser" time="3.754"/>
</testsuite> <!-- com.saucedemo.tests.LoginTests -->
