<?xml version="1.0" encoding="UTF-8"?>
<!-- Generated by org.testng.reporters.JUnitReportReporter -->
<testsuite hostname="DESKTOP-9TLQGTF" failures="0" tests="3" name="com.saucedemo.tests.ShoppingCartTests" time="7.870" errors="0" timestamp="2026-01-21T13:10:40 GMT+05:00" skipped="0">
  <testcase classname="com.saucedemo.tests.ShoppingCartTests" name="testAddProductsToCart" time="2.815"/>
  <testcase classname="com.saucedemo.tests.ShoppingCartTests" name="testViewCartItems" time="2.679"/>
  <testcase classname="com.saucedemo.tests.ShoppingCartTests" name="testProductSorting" time="2.376"/>
</testsuite> <!-- com.saucedemo.tests.ShoppingCartTests -->
